Using pre-set license
Built from '2020.3/staging' branch; Version is '2020.3.0f1 (c7b5465681fb) revision 13088070'; Using compiler version '192528614'; Build Type 'Release'
OS: 'Windows 10 Home Single Language; OS build 19042.928; Version 2009; 64bit' Language: 'pt' Physical Memory: 8105 MB
BatchMode: 1, IsHumanControllingUs: 0, StartBugReporterOnCrash: 0, Is64bit: 1, IsPro: 0

 COMMAND LINE ARGUMENTS:
C:\Program Files\Unity\Hub\Editor\2020.3.0f1\Editor\Unity.exe
-adb2
-batchMode
-noUpm
-name
AssetImportWorker0
-projectPath
C:/Users/DFAM9/Documents/GitHub/GameJam-09-05-21/GameJamProject
-logFile
Logs/AssetImportWorker0.log
-srvPort
61218
Successfully changed project path to: C:/Users/DFAM9/Documents/GitHub/GameJam-09-05-21/GameJamProject
C:/Users/DFAM9/Documents/GitHub/GameJam-09-05-21/GameJamProject
Using Asset Import Pipeline V2.
Refreshing native plugins compatible for Editor in 73.38 ms, found 1 plugins.
Preloading 0 native plugins for Editor in 0.00 ms.
Initialize engine version: 2020.3.0f1 (c7b5465681fb)
[Subsystems] Discovering subsystems at path C:/Program Files/Unity/Hub/Editor/2020.3.0f1/Editor/Data/Resources/UnitySubsystems
[Subsystems] Discovering subsystems at path C:/Users/DFAM9/Documents/GitHub/GameJam-09-05-21/GameJamProject/Assets
GfxDevice: creating device client; threaded=0
Direct3D:
    Version:  Direct3D 11.0 [level 11.1]
    Renderer: NVIDIA GeForce GTX 1050 (ID=0x1c8d)
    Vendor:   
    VRAM:     4021 MB
    Driver:   27.21.14.6627
Initialize mono
Mono path[0] = 'C:/Program Files/Unity/Hub/Editor/2020.3.0f1/Editor/Data/Managed'
Mono path[1] = 'C:/Program Files/Unity/Hub/Editor/2020.3.0f1/Editor/Data/MonoBleedingEdge/lib/mono/unityjit'
Mono config path = 'C:/Program Files/Unity/Hub/Editor/2020.3.0f1/Editor/Data/MonoBleedingEdge/etc'
Using monoOptions --debugger-agent=transport=dt_socket,embedding=1,server=y,suspend=n,address=127.0.0.1:56796
Begin MonoManager ReloadAssembly
Registering precompiled unity dll's ...
Register platform support module: C:/Program Files/Unity/Hub/Editor/2020.3.0f1/Editor/Data/PlaybackEngines/WebGLSupport/UnityEditor.WebGL.Extensions.dll
Register platform support module: C:/Program Files/Unity/Hub/Editor/2020.3.0f1/Editor/Data/PlaybackEngines/WindowsStandaloneSupport/UnityEditor.WindowsStandalone.Extensions.dll
Registered in 0.004545 seconds.
Native extension for WindowsStandalone target not found
Native extension for WebGL target not found
Refreshing native plugins compatible for Editor in 68.85 ms, found 1 plugins.
Preloading 0 native plugins for Editor in 0.00 ms.
Invoked RoslynAnalysisRunner static constructor.
RoslynAnalysisRunner will not be running.
RoslynAnalysisRunner has terminated.
Mono: successfully reloaded assembly
- Completed reload, in 11.166 seconds
Platform modules already initialized, skipping
Registering precompiled user dll's ...
Registered in 0.001497 seconds.
Begin MonoManager ReloadAssembly
Native extension for WindowsStandalone target not found
Native extension for WebGL target not found
Refreshing native plugins compatible for Editor in 72.67 ms, found 1 plugins.
Preloading 0 native plugins for Editor in 0.00 ms.
Invoked RoslynAnalysisRunner static constructor.
RoslynAnalysisRunner will not be running.
RoslynAnalysisRunner has terminated.
Mono: successfully reloaded assembly
- Completed reload, in  1.294 seconds
Platform modules already initialized, skipping
========================================================================
Worker process is ready to serve import requests
Launched and connected shader compiler UnityShaderCompiler.exe after 0.10 seconds
Refreshing native plugins compatible for Editor in 0.60 ms, found 1 plugins.
Preloading 0 native plugins for Editor in 0.00 ms.
Unloading 1869 Unused Serialized files (Serialized files now loaded: 0)
System memory in use before: 87.9 MB.
System memory in use after: 87.9 MB.

Unloading 23 unused Assets to reduce memory usage. Loaded Objects now: 2314.
Total: 2.438500 ms (FindLiveObjects: 0.213000 ms CreateObjectMapping: 0.182000 ms MarkObjects: 1.897200 ms  DeleteObjects: 0.145100 ms)

========================================================================
Received Import Request.
  path: Assets/Prefabs/Hexagon Flat-Top.prefab
  artifactKey: Guid(4b613bba125547d499f3c5134f6490f5) Importer(815301076,1909f56bfc062723c751e8b465ee728b)
Start importing Assets/Prefabs/Hexagon Flat-Top.prefab using Guid(4b613bba125547d499f3c5134f6490f5) Importer(815301076,1909f56bfc062723c751e8b465ee728b)  -> (artifact id: 'a1115baef7c655ac4db0d6c7c3f956ef') in 0.458016 seconds
  Import took 0.463598 seconds .

========================================================================
Received Import Request.
  Time since last request: 3.415655 seconds.
  path: Assets/Script/AudioManager.cs
  artifactKey: Guid(51fda82d88bc53846b77c60678e5ed5d) Importer(815301076,1909f56bfc062723c751e8b465ee728b)
Start importing Assets/Script/AudioManager.cs using Guid(51fda82d88bc53846b77c60678e5ed5d) Importer(815301076,1909f56bfc062723c751e8b465ee728b)  -> (artifact id: '2f27bf7988196c0989e8cf21ae476189') in 0.025027 seconds
  Import took 0.032758 seconds .

========================================================================
Received Prepare
Registering precompiled user dll's ...
Registered in 0.004730 seconds.
Begin MonoManager ReloadAssembly
Native extension for WindowsStandalone target not found
Native extension for WebGL target not found
Refreshing native plugins compatible for Editor in 0.66 ms, found 1 plugins.
Preloading 0 native plugins for Editor in 0.00 ms.
Invoked RoslynAnalysisRunner static constructor.
RoslynAnalysisRunner will not be running.
RoslynAnalysisRunner has terminated.
Mono: successfully reloaded assembly
- Completed reload, in  1.376 seconds
Platform modules already initialized, skipping
Refreshing native plugins compatible for Editor in 0.90 ms, found 1 plugins.
Preloading 0 native plugins for Editor in 0.00 ms.
Unloading 1852 Unused Serialized files (Serialized files now loaded: 0)
System memory in use before: 90.0 MB.
System memory in use after: 90.0 MB.

Unloading 12 unused Assets to reduce memory usage. Loaded Objects now: 2326.
Total: 4.414200 ms (FindLiveObjects: 0.755200 ms CreateObjectMapping: 0.416300 ms MarkObjects: 3.034200 ms  DeleteObjects: 0.206600 ms)

========================================================================
Received Prepare
Registering precompiled user dll's ...
Registered in 0.001941 seconds.
Begin MonoManager ReloadAssembly
Native extension for WindowsStandalone target not found
Native extension for WebGL target not found
Refreshing native plugins compatible for Editor in 0.76 ms, found 1 plugins.
Preloading 0 native plugins for Editor in 0.00 ms.
Invoked RoslynAnalysisRunner static constructor.
RoslynAnalysisRunner will not be running.
RoslynAnalysisRunner has terminated.
Mono: successfully reloaded assembly
- Completed reload, in  1.119 seconds
Platform modules already initialized, skipping
Refreshing native plugins compatible for Editor in 0.59 ms, found 1 plugins.
Preloading 0 native plugins for Editor in 0.00 ms.
Unloading 1852 Unused Serialized files (Serialized files now loaded: 0)
System memory in use before: 90.0 MB.
System memory in use after: 90.0 MB.

Unloading 12 unused Assets to reduce memory usage. Loaded Objects now: 2330.
Total: 2.374200 ms (FindLiveObjects: 0.235300 ms CreateObjectMapping: 0.140200 ms MarkObjects: 1.818400 ms  DeleteObjects: 0.179200 ms)

========================================================================
Received Prepare
Registering precompiled user dll's ...
Registered in 0.001373 seconds.
Begin MonoManager ReloadAssembly
Native extension for WindowsStandalone target not found
Native extension for WebGL target not found
Refreshing native plugins compatible for Editor in 0.55 ms, found 1 plugins.
Preloading 0 native plugins for Editor in 0.00 ms.
Invoked RoslynAnalysisRunner static constructor.
RoslynAnalysisRunner will not be running.
RoslynAnalysisRunner has terminated.
Mono: successfully reloaded assembly
- Completed reload, in  1.096 seconds
Platform modules already initialized, skipping
Refreshing native plugins compatible for Editor in 0.59 ms, found 1 plugins.
Preloading 0 native plugins for Editor in 0.00 ms.
Unloading 1852 Unused Serialized files (Serialized files now loaded: 0)
System memory in use before: 90.0 MB.
System memory in use after: 90.0 MB.

Unloading 12 unused Assets to reduce memory usage. Loaded Objects now: 2334.
Total: 2.224600 ms (FindLiveObjects: 0.238600 ms CreateObjectMapping: 0.077600 ms MarkObjects: 1.781000 ms  DeleteObjects: 0.126200 ms)

========================================================================
Received Prepare
Registering precompiled user dll's ...
Registered in 0.001580 seconds.
Begin MonoManager ReloadAssembly
Native extension for WindowsStandalone target not found
Native extension for WebGL target not found
Refreshing native plugins compatible for Editor in 0.68 ms, found 1 plugins.
Preloading 0 native plugins for Editor in 0.00 ms.
Invoked RoslynAnalysisRunner static constructor.
RoslynAnalysisRunner will not be running.
RoslynAnalysisRunner has terminated.
Mono: successfully reloaded assembly
- Completed reload, in  1.111 seconds
Platform modules already initialized, skipping
Refreshing native plugins compatible for Editor in 0.59 ms, found 1 plugins.
Preloading 0 native plugins for Editor in 0.00 ms.
Unloading 1852 Unused Serialized files (Serialized files now loaded: 0)
System memory in use before: 90.1 MB.
System memory in use after: 90.1 MB.

Unloading 12 unused Assets to reduce memory usage. Loaded Objects now: 2338.
Total: 2.624100 ms (FindLiveObjects: 0.396300 ms CreateObjectMapping: 0.124600 ms MarkObjects: 1.930700 ms  DeleteObjects: 0.171300 ms)

========================================================================
Received Import Request.
  Time since last request: 544.160950 seconds.
  path: Assets/Script/Herbivore/HerbivoreMovement.cs
  artifactKey: Guid(96b095d85cf02d349a7d9e641e5b3e7c) Importer(815301076,1909f56bfc062723c751e8b465ee728b)
Start importing Assets/Script/Herbivore/HerbivoreMovement.cs using Guid(96b095d85cf02d349a7d9e641e5b3e7c) Importer(815301076,1909f56bfc062723c751e8b465ee728b)  -> (artifact id: '188c080898d1d3ab2edb79cd6d6dbf86') in 0.006637 seconds
  Import took 0.012943 seconds .

========================================================================
Received Import Request.
  Time since last request: 0.027823 seconds.
  path: Assets/Script/Herbivore/HerbivoreMovement.cs
  artifactKey: Guid(96b095d85cf02d349a7d9e641e5b3e7c) Importer(815301076,1909f56bfc062723c751e8b465ee728b)
Start importing Assets/Script/Herbivore/HerbivoreMovement.cs using Guid(96b095d85cf02d349a7d9e641e5b3e7c) Importer(815301076,1909f56bfc062723c751e8b465ee728b)  -> (artifact id: '188c080898d1d3ab2edb79cd6d6dbf86') in 0.004829 seconds
  Import took 0.009199 seconds .

========================================================================
Received Import Request.
  Time since last request: 9.576398 seconds.
  path: Assets/Script/Herbivore/PlayerHerbivoreControl.cs
  artifactKey: Guid(753d3d43172a5ff438f1fceed79a50b2) Importer(815301076,1909f56bfc062723c751e8b465ee728b)
Start importing Assets/Script/Herbivore/PlayerHerbivoreControl.cs using Guid(753d3d43172a5ff438f1fceed79a50b2) Importer(815301076,1909f56bfc062723c751e8b465ee728b)  -> (artifact id: 'd7eb1682cfc4aed209872511485f8c8a') in 0.015533 seconds
  Import took 0.022039 seconds .

========================================================================
Received Prepare
Registering precompiled user dll's ...
Registered in 0.001715 seconds.
Begin MonoManager ReloadAssembly
Native extension for WindowsStandalone target not found
Native extension for WebGL target not found
Refreshing native plugins compatible for Editor in 0.55 ms, found 1 plugins.
Preloading 0 native plugins for Editor in 0.00 ms.
Invoked RoslynAnalysisRunner static constructor.
RoslynAnalysisRunner will not be running.
RoslynAnalysisRunner has terminated.
Mono: successfully reloaded assembly
- Completed reload, in  1.158 seconds
Platform modules already initialized, skipping
Refreshing native plugins compatible for Editor in 0.64 ms, found 1 plugins.
Preloading 0 native plugins for Editor in 0.00 ms.
Unloading 1852 Unused Serialized files (Serialized files now loaded: 0)
System memory in use before: 90.1 MB.
System memory in use after: 90.1 MB.

Unloading 12 unused Assets to reduce memory usage. Loaded Objects now: 2342.
Total: 2.422600 ms (FindLiveObjects: 0.335500 ms CreateObjectMapping: 0.069400 ms MarkObjects: 1.843800 ms  DeleteObjects: 0.172700 ms)

========================================================================
Received Prepare
Registering precompiled user dll's ...
Registered in 0.002025 seconds.
Begin MonoManager ReloadAssembly
Native extension for WindowsStandalone target not found
Native extension for WebGL target not found
Refreshing native plugins compatible for Editor in 0.85 ms, found 1 plugins.
Preloading 0 native plugins for Editor in 0.00 ms.
Invoked RoslynAnalysisRunner static constructor.
RoslynAnalysisRunner will not be running.
RoslynAnalysisRunner has terminated.
Mono: successfully reloaded assembly
- Completed reload, in  1.121 seconds
Platform modules already initialized, skipping
Refreshing native plugins compatible for Editor in 0.61 ms, found 1 plugins.
Preloading 0 native plugins for Editor in 0.00 ms.
Unloading 1852 Unused Serialized files (Serialized files now loaded: 0)
System memory in use before: 90.1 MB.
System memory in use after: 90.1 MB.

Unloading 12 unused Assets to reduce memory usage. Loaded Objects now: 2346.
Total: 3.337100 ms (FindLiveObjects: 0.327000 ms CreateObjectMapping: 0.144500 ms MarkObjects: 2.699400 ms  DeleteObjects: 0.164400 ms)

========================================================================
Received Prepare
Registering precompiled user dll's ...
Registered in 0.005819 seconds.
Begin MonoManager ReloadAssembly
Native extension for WindowsStandalone target not found
Native extension for WebGL target not found
Refreshing native plugins compatible for Editor in 0.54 ms, found 1 plugins.
Preloading 0 native plugins for Editor in 0.00 ms.
Invoked RoslynAnalysisRunner static constructor.
RoslynAnalysisRunner will not be running.
RoslynAnalysisRunner has terminated.
Mono: successfully reloaded assembly
- Completed reload, in  1.325 seconds
Platform modules already initialized, skipping
Refreshing native plugins compatible for Editor in 0.59 ms, found 1 plugins.
Preloading 0 native plugins for Editor in 0.00 ms.
Unloading 1852 Unused Serialized files (Serialized files now loaded: 0)
System memory in use before: 90.1 MB.
System memory in use after: 90.1 MB.

Unloading 12 unused Assets to reduce memory usage. Loaded Objects now: 2350.
Total: 5.432700 ms (FindLiveObjects: 0.664500 ms CreateObjectMapping: 2.473700 ms MarkObjects: 2.090000 ms  DeleteObjects: 0.203100 ms)

========================================================================
Received Prepare
Registering precompiled user dll's ...
Registered in 0.001781 seconds.
Begin MonoManager ReloadAssembly
Native extension for WindowsStandalone target not found
Native extension for WebGL target not found
Refreshing native plugins compatible for Editor in 0.54 ms, found 1 plugins.
Preloading 0 native plugins for Editor in 0.00 ms.
Invoked RoslynAnalysisRunner static constructor.
RoslynAnalysisRunner will not be running.
RoslynAnalysisRunner has terminated.
Mono: successfully reloaded assembly
- Completed reload, in  1.166 seconds
Platform modules already initialized, skipping
Refreshing native plugins compatible for Editor in 0.75 ms, found 1 plugins.
Preloading 0 native plugins for Editor in 0.00 ms.
Unloading 1852 Unused Serialized files (Serialized files now loaded: 0)
System memory in use before: 90.1 MB.
System memory in use after: 90.1 MB.

Unloading 12 unused Assets to reduce memory usage. Loaded Objects now: 2354.
Total: 2.827000 ms (FindLiveObjects: 0.292300 ms CreateObjectMapping: 0.088300 ms MarkObjects: 2.313100 ms  DeleteObjects: 0.131900 ms)

========================================================================
Received Import Request.
  Time since last request: 4014.491187 seconds.
  path: Assets/MyGame
  artifactKey: Guid(dde31c3633458b44cb21ccda192e31a3) Importer(815301076,1909f56bfc062723c751e8b465ee728b)
Start importing Assets/MyGame using Guid(dde31c3633458b44cb21ccda192e31a3) Importer(815301076,1909f56bfc062723c751e8b465ee728b)  -> (artifact id: 'a103edb5e25bfe793198cf2db58d8e58') in 0.010406 seconds
  Import took 0.015817 seconds .

========================================================================
Received Prepare
Registering precompiled user dll's ...
Registered in 0.001486 seconds.
Begin MonoManager ReloadAssembly
Native extension for WindowsStandalone target not found
Native extension for WebGL target not found
Refreshing native plugins compatible for Editor in 0.88 ms, found 1 plugins.
Preloading 0 native plugins for Editor in 0.00 ms.
Invoked RoslynAnalysisRunner static constructor.
RoslynAnalysisRunner will not be running.
RoslynAnalysisRunner has terminated.
Mono: successfully reloaded assembly
- Completed reload, in  1.091 seconds
Platform modules already initialized, skipping
Refreshing native plugins compatible for Editor in 0.58 ms, found 1 plugins.
Preloading 0 native plugins for Editor in 0.00 ms.
Unloading 1852 Unused Serialized files (Serialized files now loaded: 0)
System memory in use before: 90.1 MB.
System memory in use after: 90.1 MB.

Unloading 12 unused Assets to reduce memory usage. Loaded Objects now: 2358.
Total: 3.737600 ms (FindLiveObjects: 0.357000 ms CreateObjectMapping: 0.099300 ms MarkObjects: 3.116300 ms  DeleteObjects: 0.162600 ms)

========================================================================
Received Import Request.
  Time since last request: 21.220853 seconds.
  path: Assets/New Folder
  artifactKey: Guid(61aaf8a0497961f498fe6abfc5641f73) Importer(815301076,1909f56bfc062723c751e8b465ee728b)
Start importing Assets/New Folder using Guid(61aaf8a0497961f498fe6abfc5641f73) Importer(815301076,1909f56bfc062723c751e8b465ee728b)  -> (artifact id: 'cf107ef982e7e18f3945248a824a82ea') in 0.007167 seconds
  Import took 0.013771 seconds .

========================================================================
Received Import Request.
  Time since last request: 0.003505 seconds.
  path: Assets/New Folder
  artifactKey: Guid(61aaf8a0497961f498fe6abfc5641f73) Importer(815301076,1909f56bfc062723c751e8b465ee728b)
Start importing Assets/New Folder using Guid(61aaf8a0497961f498fe6abfc5641f73) Importer(815301076,1909f56bfc062723c751e8b465ee728b)  -> (artifact id: 'cf107ef982e7e18f3945248a824a82ea') in 0.003871 seconds
  Import took 0.010437 seconds .

========================================================================
Received Import Request.
  Time since last request: 34.159932 seconds.
  path: Assets/MyGame/Scenes
  artifactKey: Guid(6bfcc7bce64e1ab4995267cee6864f0c) Importer(815301076,1909f56bfc062723c751e8b465ee728b)
Start importing Assets/MyGame/Scenes using Guid(6bfcc7bce64e1ab4995267cee6864f0c) Importer(815301076,1909f56bfc062723c751e8b465ee728b)  -> (artifact id: 'c1a20e3c042bb5b3e89c0f3951035a88') in 0.003516 seconds
  Import took 0.010735 seconds .

========================================================================
Received Import Request.
  Time since last request: 1.028005 seconds.
  path: Assets/MyGame/Scenes/SampleScene.unity
  artifactKey: Guid(2cda990e2423bbf4892e6590ba056729) Importer(815301076,1909f56bfc062723c751e8b465ee728b)
Start importing Assets/MyGame/Scenes/SampleScene.unity using Guid(2cda990e2423bbf4892e6590ba056729) Importer(815301076,1909f56bfc062723c751e8b465ee728b)  -> (artifact id: '2a3fe9d606d903d171b81fe8e74ef632') in 0.016035 seconds
  Import took 0.022173 seconds .

========================================================================
Received Import Request.
  Time since last request: 3.882025 seconds.
  path: Assets/MyGame/Scenes/SampleScene.unity
  artifactKey: Guid(2cda990e2423bbf4892e6590ba056729) Importer(815301076,1909f56bfc062723c751e8b465ee728b)
Start importing Assets/MyGame/Scenes/SampleScene.unity using Guid(2cda990e2423bbf4892e6590ba056729) Importer(815301076,1909f56bfc062723c751e8b465ee728b)  -> (artifact id: '94de3fd01fd2b88bacb2d0a8a4aa7803') in 0.003713 seconds
  Import took 0.010309 seconds .

========================================================================
Received Import Request.
  Time since last request: 0.001019 seconds.
  path: Assets/MyGame/Scenes/SampleScene.unity
  artifactKey: Guid(2cda990e2423bbf4892e6590ba056729) Importer(815301076,1909f56bfc062723c751e8b465ee728b)
Start importing Assets/MyGame/Scenes/SampleScene.unity using Guid(2cda990e2423bbf4892e6590ba056729) Importer(815301076,1909f56bfc062723c751e8b465ee728b)  -> (artifact id: '94de3fd01fd2b88bacb2d0a8a4aa7803') in 0.004661 seconds
  Import took 0.008452 seconds .

AssetImportWorkerClient::OnTransportError - code=2 error=End of file
